<?xml version="1.0" encoding="UTF-8"?>
<!-- Generated by org.testng.reporters.JUnitReportReporter -->
<testsuite hostname="FVFHXGKDQ6LR" failures="0" tests="1" name="TestNG_PBL.Assignment2" time="0.366" errors="0" timestamp="2023-05-15T16:48:50 IST" skipped="0">
  <testcase classname="TestNG_PBL.Assignment2" name="test" time="0.366"/>
  <system-out/>
</testsuite> <!-- TestNG_PBL.Assignment2 -->
