<?xml version="1.0" encoding="UTF-8"?>
<!-- Generated by org.testng.reporters.JUnitReportReporter -->
<testsuite hostname="FVFHXGKDQ6LR" failures="0" tests="4" name="TestNG_PBL.Assignment3" time="12.329" errors="0" timestamp="2023-05-15T16:30:19 IST" skipped="0">
  <testcase classname="TestNG_PBL.Assignment3" name="launchapp" time="0.051"/>
  <system-out/>
  <testcase classname="TestNG_PBL.Assignment3" name="test01" time="4.554"/>
  <system-out/>
  <testcase classname="TestNG_PBL.Assignment3" name="test02" time="3.791"/>
  <system-out/>
  <testcase classname="TestNG_PBL.Assignment3" name="test03" time="3.933"/>
  <system-out/>
</testsuite> <!-- TestNG_PBL.Assignment3 -->
