<?xml version="1.0" encoding="UTF-8"?>
<!-- Generated by org.testng.reporters.JUnitReportReporter -->
<testsuite hostname="FVFHXGKDQ6LR" failures="0" tests="1" name="seleniumFrameworks.PageObjectModel.TestMethods" time="5.006" errors="0" timestamp="2023-05-17T09:57:27 IST" skipped="0">
  <testcase classname="seleniumFrameworks.PageObjectModel.TestMethods" name="registerOperation" time="5.006"/>
  <system-out/>
</testsuite> <!-- seleniumFrameworks.PageObjectModel.TestMethods -->
