<?xml version="1.0" encoding="UTF-8"?>
<!-- Generated by org.testng.reporters.JUnitReportReporter -->
<testsuite hostname="FVFHXGKDQ6LR" failures="0" tests="1" name="selenium_Web_Controls.HandlingDifferentControls.Assignment2" time="6.184" errors="0" timestamp="2023-05-11T11:11:03 IST" skipped="0">
  <testcase classname="selenium_Web_Controls.HandlingDifferentControls.Assignment2" name="TC1" time="6.184"/>
  <system-out/>
</testsuite> <!-- selenium_Web_Controls.HandlingDifferentControls.Assignment2 -->
