<?xml version="1.0" encoding="UTF-8"?>
<!-- Generated by org.testng.reporters.JUnitReportReporter -->
<testsuite hostname="FVFHXGKDQ6LR" failures="0" tests="1" name="selenium_Web_Controls.HandlingDifferentControls.Assignment1" time="3.105" errors="0" timestamp="2023-05-11T09:54:34 IST" skipped="0">
  <testcase classname="selenium_Web_Controls.HandlingDifferentControls.Assignment1" name="TC1" time="3.105"/>
  <system-out/>
</testsuite> <!-- selenium_Web_Controls.HandlingDifferentControls.Assignment1 -->
