<?xml version="1.0" encoding="UTF-8"?>
<!-- Generated by org.testng.reporters.JUnitReportReporter -->
<testsuite hostname="FVFHXGKDQ6LR" failures="0" tests="1" name="TestNG_PBL.Assignment1.testng_Demo" time="4.619" errors="0" timestamp="2023-05-15T16:49:43 IST" skipped="0">
  <testcase classname="TestNG_PBL.Assignment1.testng_Demo" name="test" time="4.619"/>
  <system-out/>
</testsuite> <!-- TestNG_PBL.Assignment1.testng_Demo -->
