<?xml version="1.0" encoding="UTF-8"?>
<!-- Generated by org.testng.reporters.JUnitReportReporter -->
<testsuite hostname="FVFHXGKDQ6LR" failures="0" tests="1" name="selenium_Web_Controls.HandlingAlerts_TakingScreenshots.Assignment1" time="6.074" errors="0" timestamp="2023-05-11T17:53:50 IST" skipped="0">
  <testcase classname="selenium_Web_Controls.HandlingAlerts_TakingScreenshots.Assignment1" name="TC1" time="6.074"/>
  <system-out/>
</testsuite> <!-- selenium_Web_Controls.HandlingAlerts_TakingScreenshots.Assignment1 -->
