<?xml version="1.0" encoding="UTF-8"?>
<!-- Generated by org.testng.reporters.JUnitReportReporter -->
<testsuite hostname="FVFHXGKDQ6LR" failures="0" tests="1" name="Com_Tests.HandleWindows" time="21.988" errors="0" timestamp="2023-05-08T14:50:09 IST" skipped="0">
  <testcase classname="Com_Tests.HandleWindows" name="AlertsTask" time="21.988"/>
  <system-out/>
</testsuite> <!-- Com_Tests.HandleWindows -->
