<?xml version="1.0" encoding="UTF-8"?>
<!-- Generated by org.testng.reporters.JUnitReportReporter -->
<testsuite hostname="FVFHXGKDQ6LR" failures="0" tests="1" name="selenium_Web_Controls.ExceptionHandlingJavaScriptExecutor.Assignment1" time="5.199" errors="0" timestamp="2023-05-15T17:07:19 IST" skipped="0">
  <testcase classname="selenium_Web_Controls.ExceptionHandlingJavaScriptExecutor.Assignment1" name="scrollDown" time="5.199"/>
  <system-out/>
</testsuite> <!-- selenium_Web_Controls.ExceptionHandlingJavaScriptExecutor.Assignment1 -->
