<?xml version="1.0" encoding="UTF-8"?>
<!-- Generated by org.testng.reporters.JUnitReportReporter -->
<testsuite hostname="FVFHXGKDQ6LR" failures="0" tests="2" name="Com_Tests.KeyBoardMouseActions" time="10.894" errors="0" timestamp="2023-05-09T10:51:37 IST" skipped="0">
  <testcase classname="Com_Tests.KeyBoardMouseActions" name="DoubleClick" time="8.243"/>
  <system-out/>
  <testcase classname="Com_Tests.KeyBoardMouseActions" name="start" time="2.651"/>
  <system-out/>
</testsuite> <!-- Com_Tests.KeyBoardMouseActions -->
