<?xml version="1.0" encoding="UTF-8"?>
<!-- Generated by org.testng.reporters.JUnitReportReporter -->
<testsuite hostname="FVFHXGKDQ6LR" failures="0" tests="1" name="demoQAautomation.DemoQA" time="22.071" errors="0" timestamp="2023-05-09T16:19:23 IST" skipped="0">
  <testcase classname="demoQAautomation.DemoQA" name="TC1" time="22.071"/>
  <system-out/>
</testsuite> <!-- demoQAautomation.DemoQA -->
