<?xml version="1.0" encoding="UTF-8"?>
<!-- Generated by org.testng.reporters.JUnitReportReporter -->
<testsuite hostname="FVFHXGKDQ6LR" failures="0" tests="1" name="Com_Tests.DataCaptureControls" time="0.042" errors="0" timestamp="2023-05-08T10:13:57 IST" skipped="0">
  <testcase classname="Com_Tests.DataCaptureControls" name="TC1" time="0.042"/>
  <system-out/>
</testsuite> <!-- Com_Tests.DataCaptureControls -->
