<?xml version="1.0" encoding="UTF-8"?>
<!-- Generated by org.testng.reporters.JUnitReportReporter -->
<testsuite hostname="FVFHXGKDQ6LR" failures="0" tests="4" name="seleniumFrameworks.DataDrivenFrameWork.LoginTestMain" time="38.319" errors="0" timestamp="2023-05-16T21:25:47 IST" skipped="0">
  <testcase classname="seleniumFrameworks.DataDrivenFrameWork.LoginTestMain" name="TC1" time="13.401"/>
  <system-out/>
  <testcase classname="seleniumFrameworks.DataDrivenFrameWork.LoginTestMain" name="TC1" time="7.594"/>
  <system-out/>
  <testcase classname="seleniumFrameworks.DataDrivenFrameWork.LoginTestMain" name="TC1" time="9.655"/>
  <system-out/>
  <testcase classname="seleniumFrameworks.DataDrivenFrameWork.LoginTestMain" name="TC1" time="7.669"/>
  <system-out/>
</testsuite> <!-- seleniumFrameworks.DataDrivenFrameWork.LoginTestMain -->
