<?xml version="1.0" encoding="UTF-8"?>
<!-- Generated by org.testng.reporters.JUnitReportReporter -->
<testsuite hostname="FVFHXGKDQ6LR" failures="0" tests="1" name="Com_Tests.OperationCommands" time="0.126" errors="0" timestamp="2023-05-08T09:28:13 IST" skipped="0">
  <testcase classname="Com_Tests.OperationCommands" name="TC1" time="0.126"/>
  <system-out/>
</testsuite> <!-- Com_Tests.OperationCommands -->
