<?xml version="1.0" encoding="UTF-8"?>
<!-- Generated by org.testng.reporters.JUnitReportReporter -->
<testsuite hostname="FVFHXGKDQ6LR" failures="0" tests="1" name="selenium_Web_Controls.HandlingKEYBoardMouseActions.Assignment1" time="3.161" errors="0" timestamp="2023-05-11T16:45:20 IST" skipped="0">
  <testcase classname="selenium_Web_Controls.HandlingKEYBoardMouseActions.Assignment1" name="TC1" time="3.161"/>
  <system-out/>
</testsuite> <!-- selenium_Web_Controls.HandlingKEYBoardMouseActions.Assignment1 -->
